


ARM Macro Assembler    Page 1 


    1 00000000         ;/******************************************************
                       ***********************
    2 00000000         ; * @file:    startup_LPC845.s
    3 00000000         ; * @purpose: CMSIS Cortex-M0 Core Device Startup File f
                       or the
    4 00000000         ; *           LPC845
    5 00000000         ; * @version: 1.2
    6 00000000         ; * @date:    2017-6-8
    7 00000000         ; *
    8 00000000         ; * Copyright 1997-2016 Freescale Semiconductor, Inc.
    9 00000000         ; * Copyright 2016-2018 NXP
   10 00000000         ; *
   11 00000000         ; * SPDX-License-Identifier: BSD-3-Clause
   12 00000000         ; *
   13 00000000         ; *------- <<< Use Configuration Wizard in Context Menu 
                       >>> ------------------
   14 00000000         ; *
   15 00000000         ; ******************************************************
                       ***********************/
   16 00000000         
   17 00000000         
   18 00000000                 PRESERVE8
   19 00000000                 THUMB
   20 00000000         
   21 00000000         ; Vector Table Mapped to Address 0 at Reset
   22 00000000                 AREA             RESET, DATA, READONLY
   23 00000000                 EXPORT           __Vectors
   24 00000000                 IMPORT           |Image$$ARM_LIB_STACK$$ZI$$Limi
t|
   25 00000000         
   26 00000000 00000000 
                       __Vectors
                               DCD              |Image$$ARM_LIB_STACK$$ZI$$Limi
t| 
                                                            ; Top of Stack
   27 00000004 00000000        DCD              Reset_Handler ; Reset Handler
   28 00000008         
   29 00000008 00000000        DCD              NMI_Handler
   30 0000000C 00000000        DCD              HardFault_Handler
   31 00000010 00000000        DCD              0
   32 00000014 00000000        DCD              0
   33 00000018 00000000        DCD              0
   34 0000001C         __vector_table_0x1c
   35 0000001C 00000000        DCD              0           ; Checksum of the f
                                                            irst 7 words
   36 00000020 00000000        DCD              0
   37 00000024 00000000        DCD              0           ; Enhanced image ma
                                                            rker, set to 0x0 fo
                                                            r legacy boot
   38 00000028 00000000        DCD              0           ; Pointer to enhanc
                                                            ed boot block, set 
                                                            to 0x0 for legacy b
                                                            oot
   39 0000002C 00000000        DCD              SVC_Handler
   40 00000030 00000000        DCD              0
   41 00000034 00000000        DCD              0
   42 00000038 00000000        DCD              PendSV_Handler
   43 0000003C 00000000        DCD              SysTick_Handler
   44 00000040         



ARM Macro Assembler    Page 2 


   45 00000040         ; External Interrupts
   46 00000040 00000000        DCD              SPI0_IRQHandler 
                                                            ; SPI0 interrupt
   47 00000044 00000000        DCD              SPI1_IRQHandler 
                                                            ; SPI1 interrupt
   48 00000048 00000000        DCD              DAC0_IRQHandler 
                                                            ; DAC0 interrupt
   49 0000004C 00000000        DCD              USART0_IRQHandler 
                                                            ; USART0 interrupt
   50 00000050 00000000        DCD              USART1_IRQHandler 
                                                            ; USART1 interrupt
   51 00000054 00000000        DCD              USART2_IRQHandler 
                                                            ; USART2 interrupt
   52 00000058 00000000        DCD              Reserved22_IRQHandler ; Reserve
                                                            d interrupt
   53 0000005C 00000000        DCD              I2C1_IRQHandler 
                                                            ; I2C1 interrupt
   54 00000060 00000000        DCD              I2C0_IRQHandler 
                                                            ; I2C0 interrupt
   55 00000064 00000000        DCD              SCT0_IRQHandler ; State configu
                                                            rable timer interru
                                                            pt
   56 00000068 00000000        DCD              MRT0_IRQHandler ; Multi-rate ti
                                                            mer interrupt
   57 0000006C 00000000        DCD              CMP_CAPT_IRQHandler ; Analog co
                                                            mparator interrupt 
                                                            or Capacitive Touch
                                                             interrupt
   58 00000070 00000000        DCD              WDT_IRQHandler ; Windowed watch
                                                            dog timer interrupt
                                                            
   59 00000074 00000000        DCD              BOD_IRQHandler ; BOD interrupts
                                                            
   60 00000078 00000000        DCD              FLASH_IRQHandler 
                                                            ; flash interrupt
   61 0000007C 00000000        DCD              WKT_IRQHandler ; Self-wake-up t
                                                            imer interrupt
   62 00000080 00000000        DCD              ADC0_SEQA_IRQHandler ; ADC0 seq
                                                            uence A completion.
                                                            
   63 00000084 00000000        DCD              ADC0_SEQB_IRQHandler ; ADC0 seq
                                                            uence B completion.
                                                            
   64 00000088 00000000        DCD              ADC0_THCMP_IRQHandler ; ADC0 th
                                                            reshold compare and
                                                             error.
   65 0000008C 00000000        DCD              ADC0_OVR_IRQHandler 
                                                            ; ADC0 overrun
   66 00000090 00000000        DCD              DMA0_IRQHandler 
                                                            ; DMA0 interrupt
   67 00000094 00000000        DCD              I2C2_IRQHandler 
                                                            ; I2C2 interrupt
   68 00000098 00000000        DCD              I2C3_IRQHandler 
                                                            ; I2C3 interrupt
   69 0000009C 00000000        DCD              CTIMER0_IRQHandler 
                                                            ; Timer interrupt
   70 000000A0 00000000        DCD              PIN_INT0_IRQHandler ; Pin inter
                                                            rupt 0 or pattern m
                                                            atch engine slice 0



ARM Macro Assembler    Page 3 


                                                             interrupt
   71 000000A4 00000000        DCD              PIN_INT1_IRQHandler ; Pin inter
                                                            rupt 1 or pattern m
                                                            atch engine slice 1
                                                             interrupt
   72 000000A8 00000000        DCD              PIN_INT2_IRQHandler ; Pin inter
                                                            rupt 2 or pattern m
                                                            atch engine slice 2
                                                             interrupt
   73 000000AC 00000000        DCD              PIN_INT3_IRQHandler ; Pin inter
                                                            rupt 3 or pattern m
                                                            atch engine slice 3
                                                             interrupt
   74 000000B0 00000000        DCD              PIN_INT4_IRQHandler ; Pin inter
                                                            rupt 4 or pattern m
                                                            atch engine slice 4
                                                             interrupt
   75 000000B4 00000000        DCD              PIN_INT5_DAC1_IRQHandler ; Pin 
                                                            interrupt 5 or patt
                                                            ern match engine sl
                                                            ice 5 interrupt or 
                                                            DAC1 interrupt
   76 000000B8 00000000        DCD              PIN_INT6_USART3_IRQHandler ; Pi
                                                            n interrupt 6 or pa
                                                            ttern match engine 
                                                            slice 6 interrupt o
                                                            r UART3 interrupt
   77 000000BC 00000000        DCD              PIN_INT7_USART4_IRQHandler ; Pi
                                                            n interrupt 7 or pa
                                                            ttern match engine 
                                                            slice 7 interrupt o
                                                            r UART4 interrupt
   78 000000C0         
   79 000000C0                 AREA             |.text|, CODE, READONLY
   80 00000000         
   81 00000000         ; Reset Handler
   82 00000000         Reset_Handler
                               PROC
   83 00000000                 EXPORT           Reset_Handler               [WE
AK]
   84 00000000                 IMPORT           SystemInit
   85 00000000                 IMPORT           __main
   86 00000000         
   87 00000000 4824            LDR              r0, =SystemInit
   88 00000002 4780            BLX              r0
   89 00000004 4824            LDR              r0, =__main
   90 00000006 4700            BX               r0
   91 00000008                 ENDP
   92 00000008         
   93 00000008         ; Dummy Exception Handlers (infinite loops which can be 
                       modified)
   94 00000008         NMI_Handler
                               PROC
   95 00000008                 EXPORT           NMI_Handler               [WEAK
]
   96 00000008 E7FE            B                .
   97 0000000A                 ENDP
   98 0000000A         
  100 0000000A         HardFault_Handler



ARM Macro Assembler    Page 4 


                               PROC
  101 0000000A                 EXPORT           HardFault_Handler         [WEAK
]
  102 0000000A E7FE            B                .
  103 0000000C                 ENDP
  104 0000000C         
  105 0000000C         SVC_Handler
                               PROC
  106 0000000C                 EXPORT           SVC_Handler               [WEAK
]
  107 0000000C E7FE            B                .
  108 0000000E                 ENDP
  109 0000000E         
  110 0000000E         PendSV_Handler
                               PROC
  111 0000000E                 EXPORT           PendSV_Handler            [WEAK
]
  112 0000000E E7FE            B                .
  113 00000010                 ENDP
  114 00000010         
  115 00000010         SysTick_Handler
                               PROC
  116 00000010                 EXPORT           SysTick_Handler           [WEAK
]
  117 00000010 E7FE            B                .
  118 00000012                 ENDP
  119 00000012         
  121 00000012         SPI0_IRQHandler
                               PROC
  122 00000012                 EXPORT           SPI0_IRQHandler        [WEAK]
  123 00000012 4822            LDR              R0, =SPI0_DriverIRQHandler
  124 00000014 4700            BX               R0
  125 00000016                 ENDP
  126 00000016         
  128 00000016         SPI1_IRQHandler
                               PROC
  129 00000016                 EXPORT           SPI1_IRQHandler        [WEAK]
  130 00000016 4822            LDR              R0, =SPI1_DriverIRQHandler
  131 00000018 4700            BX               R0
  132 0000001A                 ENDP
  133 0000001A         
  135 0000001A         DAC0_IRQHandler
                               PROC
  136 0000001A                 EXPORT           DAC0_IRQHandler        [WEAK]
  137 0000001A 4822            LDR              R0, =DAC0_DriverIRQHandler
  138 0000001C 4700            BX               R0
  139 0000001E                 ENDP
  140 0000001E         
  142 0000001E         USART0_IRQHandler
                               PROC
  143 0000001E                 EXPORT           USART0_IRQHandler        [WEAK]
  144 0000001E 4822            LDR              R0, =USART0_DriverIRQHandler
  145 00000020 4700            BX               R0
  146 00000022                 ENDP
  147 00000022         
  149 00000022         USART1_IRQHandler
                               PROC
  150 00000022                 EXPORT           USART1_IRQHandler        [WEAK]
  151 00000022 4822            LDR              R0, =USART1_DriverIRQHandler



ARM Macro Assembler    Page 5 


  152 00000024 4700            BX               R0
  153 00000026                 ENDP
  154 00000026         
  156 00000026         USART2_IRQHandler
                               PROC
  157 00000026                 EXPORT           USART2_IRQHandler        [WEAK]
  158 00000026 4822            LDR              R0, =USART2_DriverIRQHandler
  159 00000028 4700            BX               R0
  160 0000002A                 ENDP
  161 0000002A         
  163 0000002A         Reserved22_IRQHandler
                               PROC
  164 0000002A                 EXPORT           Reserved22_IRQHandler        [W
EAK]
  165 0000002A 4822            LDR              R0, =Reserved22_DriverIRQHandle
r
  166 0000002C 4700            BX               R0
  167 0000002E                 ENDP
  168 0000002E         
  170 0000002E         I2C1_IRQHandler
                               PROC
  171 0000002E                 EXPORT           I2C1_IRQHandler        [WEAK]
  172 0000002E 4822            LDR              R0, =I2C1_DriverIRQHandler
  173 00000030 4700            BX               R0
  174 00000032                 ENDP
  175 00000032         
  177 00000032         I2C0_IRQHandler
                               PROC
  178 00000032                 EXPORT           I2C0_IRQHandler        [WEAK]
  179 00000032 4822            LDR              R0, =I2C0_DriverIRQHandler
  180 00000034 4700            BX               R0
  181 00000036                 ENDP
  182 00000036         
  184 00000036         SCT0_IRQHandler
                               PROC
  185 00000036                 EXPORT           SCT0_IRQHandler        [WEAK]
  186 00000036 4822            LDR              R0, =SCT0_DriverIRQHandler
  187 00000038 4700            BX               R0
  188 0000003A                 ENDP
  189 0000003A         
  191 0000003A         MRT0_IRQHandler
                               PROC
  192 0000003A                 EXPORT           MRT0_IRQHandler        [WEAK]
  193 0000003A 4822            LDR              R0, =MRT0_DriverIRQHandler
  194 0000003C 4700            BX               R0
  195 0000003E                 ENDP
  196 0000003E         
  198 0000003E         CMP_CAPT_IRQHandler
                               PROC
  199 0000003E                 EXPORT           CMP_CAPT_IRQHandler        [WEA
K]
  200 0000003E 4822            LDR              R0, =CMP_CAPT_DriverIRQHandler
  201 00000040 4700            BX               R0
  202 00000042                 ENDP
  203 00000042         
  205 00000042         WDT_IRQHandler
                               PROC
  206 00000042                 EXPORT           WDT_IRQHandler        [WEAK]
  207 00000042 4822            LDR              R0, =WDT_DriverIRQHandler



ARM Macro Assembler    Page 6 


  208 00000044 4700            BX               R0
  209 00000046                 ENDP
  210 00000046         
  212 00000046         BOD_IRQHandler
                               PROC
  213 00000046                 EXPORT           BOD_IRQHandler        [WEAK]
  214 00000046 4822            LDR              R0, =BOD_DriverIRQHandler
  215 00000048 4700            BX               R0
  216 0000004A                 ENDP
  217 0000004A         
  219 0000004A         FLASH_IRQHandler
                               PROC
  220 0000004A                 EXPORT           FLASH_IRQHandler        [WEAK]
  221 0000004A 4822            LDR              R0, =FLASH_DriverIRQHandler
  222 0000004C 4700            BX               R0
  223 0000004E                 ENDP
  224 0000004E         
  226 0000004E         WKT_IRQHandler
                               PROC
  227 0000004E                 EXPORT           WKT_IRQHandler        [WEAK]
  228 0000004E 4822            LDR              R0, =WKT_DriverIRQHandler
  229 00000050 4700            BX               R0
  230 00000052                 ENDP
  231 00000052         
  233 00000052         ADC0_SEQA_IRQHandler
                               PROC
  234 00000052                 EXPORT           ADC0_SEQA_IRQHandler        [WE
AK]
  235 00000052 4822            LDR              R0, =ADC0_SEQA_DriverIRQHandler
  236 00000054 4700            BX               R0
  237 00000056                 ENDP
  238 00000056         
  240 00000056         ADC0_SEQB_IRQHandler
                               PROC
  241 00000056                 EXPORT           ADC0_SEQB_IRQHandler        [WE
AK]
  242 00000056 4822            LDR              R0, =ADC0_SEQB_DriverIRQHandler
  243 00000058 4700            BX               R0
  244 0000005A                 ENDP
  245 0000005A         
  247 0000005A         ADC0_THCMP_IRQHandler
                               PROC
  248 0000005A                 EXPORT           ADC0_THCMP_IRQHandler        [W
EAK]
  249 0000005A 4822            LDR              R0, =ADC0_THCMP_DriverIRQHandle
r
  250 0000005C 4700            BX               R0
  251 0000005E                 ENDP
  252 0000005E         
  254 0000005E         ADC0_OVR_IRQHandler
                               PROC
  255 0000005E                 EXPORT           ADC0_OVR_IRQHandler        [WEA
K]
  256 0000005E 4822            LDR              R0, =ADC0_OVR_DriverIRQHandler
  257 00000060 4700            BX               R0
  258 00000062                 ENDP
  259 00000062         
  261 00000062         DMA0_IRQHandler
                               PROC



ARM Macro Assembler    Page 7 


  262 00000062                 EXPORT           DMA0_IRQHandler        [WEAK]
  263 00000062 4822            LDR              R0, =DMA0_DriverIRQHandler
  264 00000064 4700            BX               R0
  265 00000066                 ENDP
  266 00000066         
  268 00000066         I2C2_IRQHandler
                               PROC
  269 00000066                 EXPORT           I2C2_IRQHandler        [WEAK]
  270 00000066 4822            LDR              R0, =I2C2_DriverIRQHandler
  271 00000068 4700            BX               R0
  272 0000006A                 ENDP
  273 0000006A         
  275 0000006A         I2C3_IRQHandler
                               PROC
  276 0000006A                 EXPORT           I2C3_IRQHandler        [WEAK]
  277 0000006A 4822            LDR              R0, =I2C3_DriverIRQHandler
  278 0000006C 4700            BX               R0
  279 0000006E                 ENDP
  280 0000006E         
  282 0000006E         CTIMER0_IRQHandler
                               PROC
  283 0000006E                 EXPORT           CTIMER0_IRQHandler        [WEAK
]
  284 0000006E 4822            LDR              R0, =CTIMER0_DriverIRQHandler
  285 00000070 4700            BX               R0
  286 00000072                 ENDP
  287 00000072         
  289 00000072         PIN_INT0_IRQHandler
                               PROC
  290 00000072                 EXPORT           PIN_INT0_IRQHandler        [WEA
K]
  291 00000072 4822            LDR              R0, =PIN_INT0_DriverIRQHandler
  292 00000074 4700            BX               R0
  293 00000076                 ENDP
  294 00000076         
  296 00000076         PIN_INT1_IRQHandler
                               PROC
  297 00000076                 EXPORT           PIN_INT1_IRQHandler        [WEA
K]
  298 00000076 4822            LDR              R0, =PIN_INT1_DriverIRQHandler
  299 00000078 4700            BX               R0
  300 0000007A                 ENDP
  301 0000007A         
  303 0000007A         PIN_INT2_IRQHandler
                               PROC
  304 0000007A                 EXPORT           PIN_INT2_IRQHandler        [WEA
K]
  305 0000007A 4822            LDR              R0, =PIN_INT2_DriverIRQHandler
  306 0000007C 4700            BX               R0
  307 0000007E                 ENDP
  308 0000007E         
  310 0000007E         PIN_INT3_IRQHandler
                               PROC
  311 0000007E                 EXPORT           PIN_INT3_IRQHandler        [WEA
K]
  312 0000007E 4822            LDR              R0, =PIN_INT3_DriverIRQHandler
  313 00000080 4700            BX               R0
  314 00000082                 ENDP
  315 00000082         



ARM Macro Assembler    Page 8 


  317 00000082         PIN_INT4_IRQHandler
                               PROC
  318 00000082                 EXPORT           PIN_INT4_IRQHandler        [WEA
K]
  319 00000082 4822            LDR              R0, =PIN_INT4_DriverIRQHandler
  320 00000084 4700            BX               R0
  321 00000086                 ENDP
  322 00000086         
  324 00000086         PIN_INT5_DAC1_IRQHandler
                               PROC
  325 00000086                 EXPORT           PIN_INT5_DAC1_IRQHandler       
 [WEAK]
  326 00000086 4822            LDR              R0, =PIN_INT5_DAC1_DriverIRQHan
dler
  327 00000088 4700            BX               R0
  328 0000008A                 ENDP
  329 0000008A         
  331 0000008A         PIN_INT6_USART3_IRQHandler
                               PROC
  332 0000008A                 EXPORT           PIN_INT6_USART3_IRQHandler     
   [WEAK]
  333 0000008A 4822            LDR              R0, =PIN_INT6_USART3_DriverIRQH
andler
  334 0000008C 4700            BX               R0
  335 0000008E                 ENDP
  336 0000008E         
  338 0000008E         PIN_INT7_USART4_IRQHandler
                               PROC
  339 0000008E                 EXPORT           PIN_INT7_USART4_IRQHandler     
   [WEAK]
  340 0000008E 4822            LDR              R0, =PIN_INT7_USART4_DriverIRQH
andler
  341 00000090 4700            BX               R0
  342 00000092                 ENDP
  343 00000092         
  344 00000092         Default_Handler
                               PROC
  345 00000092                 EXPORT           SPI0_DriverIRQHandler        [W
EAK]
  346 00000092                 EXPORT           SPI1_DriverIRQHandler        [W
EAK]
  347 00000092                 EXPORT           DAC0_DriverIRQHandler        [W
EAK]
  348 00000092                 EXPORT           USART0_DriverIRQHandler        
[WEAK]
  349 00000092                 EXPORT           USART1_DriverIRQHandler        
[WEAK]
  350 00000092                 EXPORT           USART2_DriverIRQHandler        
[WEAK]
  351 00000092                 EXPORT           Reserved22_DriverIRQHandler    
    [WEAK]
  352 00000092                 EXPORT           I2C1_DriverIRQHandler        [W
EAK]
  353 00000092                 EXPORT           I2C0_DriverIRQHandler        [W
EAK]
  354 00000092                 EXPORT           SCT0_DriverIRQHandler        [W
EAK]
  355 00000092                 EXPORT           MRT0_DriverIRQHandler        [W
EAK]



ARM Macro Assembler    Page 9 


  356 00000092                 EXPORT           CMP_CAPT_DriverIRQHandler      
  [WEAK]
  357 00000092                 EXPORT           WDT_DriverIRQHandler        [WE
AK]
  358 00000092                 EXPORT           BOD_DriverIRQHandler        [WE
AK]
  359 00000092                 EXPORT           FLASH_DriverIRQHandler        [
WEAK]
  360 00000092                 EXPORT           WKT_DriverIRQHandler        [WE
AK]
  361 00000092                 EXPORT           ADC0_SEQA_DriverIRQHandler     
   [WEAK]
  362 00000092                 EXPORT           ADC0_SEQB_DriverIRQHandler     
   [WEAK]
  363 00000092                 EXPORT           ADC0_THCMP_DriverIRQHandler    
    [WEAK]
  364 00000092                 EXPORT           ADC0_OVR_DriverIRQHandler      
  [WEAK]
  365 00000092                 EXPORT           DMA0_DriverIRQHandler        [W
EAK]
  366 00000092                 EXPORT           I2C2_DriverIRQHandler        [W
EAK]
  367 00000092                 EXPORT           I2C3_DriverIRQHandler        [W
EAK]
  368 00000092                 EXPORT           CTIMER0_DriverIRQHandler       
 [WEAK]
  369 00000092                 EXPORT           PIN_INT0_DriverIRQHandler      
  [WEAK]
  370 00000092                 EXPORT           PIN_INT1_DriverIRQHandler      
  [WEAK]
  371 00000092                 EXPORT           PIN_INT2_DriverIRQHandler      
  [WEAK]
  372 00000092                 EXPORT           PIN_INT3_DriverIRQHandler      
  [WEAK]
  373 00000092                 EXPORT           PIN_INT4_DriverIRQHandler      
  [WEAK]
  374 00000092                 EXPORT           PIN_INT5_DAC1_DriverIRQHandler 
       [WEAK]
  375 00000092                 EXPORT           PIN_INT6_USART3_DriverIRQHandle
r        [WEAK]
  376 00000092                 EXPORT           PIN_INT7_USART4_DriverIRQHandle
r        [WEAK]
  377 00000092         
  378 00000092         SPI0_DriverIRQHandler
  379 00000092         SPI1_DriverIRQHandler
  380 00000092         DAC0_DriverIRQHandler
  381 00000092         USART0_DriverIRQHandler
  382 00000092         USART1_DriverIRQHandler
  383 00000092         USART2_DriverIRQHandler
  384 00000092         Reserved22_DriverIRQHandler
  385 00000092         I2C1_DriverIRQHandler
  386 00000092         I2C0_DriverIRQHandler
  387 00000092         SCT0_DriverIRQHandler
  388 00000092         MRT0_DriverIRQHandler
  389 00000092         CMP_CAPT_DriverIRQHandler
  390 00000092         WDT_DriverIRQHandler
  391 00000092         BOD_DriverIRQHandler
  392 00000092         FLASH_DriverIRQHandler
  393 00000092         WKT_DriverIRQHandler



ARM Macro Assembler    Page 10 


  394 00000092         ADC0_SEQA_DriverIRQHandler
  395 00000092         ADC0_SEQB_DriverIRQHandler
  396 00000092         ADC0_THCMP_DriverIRQHandler
  397 00000092         ADC0_OVR_DriverIRQHandler
  398 00000092         DMA0_DriverIRQHandler
  399 00000092         I2C2_DriverIRQHandler
  400 00000092         I2C3_DriverIRQHandler
  401 00000092         CTIMER0_DriverIRQHandler
  402 00000092         PIN_INT0_DriverIRQHandler
  403 00000092         PIN_INT1_DriverIRQHandler
  404 00000092         PIN_INT2_DriverIRQHandler
  405 00000092         PIN_INT3_DriverIRQHandler
  406 00000092         PIN_INT4_DriverIRQHandler
  407 00000092         PIN_INT5_DAC1_DriverIRQHandler
  408 00000092         PIN_INT6_USART3_DriverIRQHandler
  409 00000092         PIN_INT7_USART4_DriverIRQHandler
  410 00000092         
  411 00000092 E7FE            B                .
  412 00000094         
  413 00000094                 ENDP
  414 00000094         
  415 00000094         
  416 00000094                 ALIGN
  417 00000094         
  418 00000094         
  419 00000094                 END
              00000000 
              00000000 
              00000000 
              00000000 
              00000000 
              00000000 
              00000000 
              00000000 
              00000000 
              00000000 
              00000000 
              00000000 
              00000000 
              00000000 
              00000000 
              00000000 
              00000000 
              00000000 
              00000000 
              00000000 
              00000000 
              00000000 
              00000000 
              00000000 
              00000000 
              00000000 
              00000000 
              00000000 
              00000000 
              00000000 
              00000000 
              00000000 
              00000000 



ARM Macro Assembler    Page 11 


              00000000 
Command Line: --debug --xref --diag_suppress=9931 --cpu=Cortex-M0+ --apcs=inter
work --depend=.\objects\startup_lpc845.d -o.\objects\startup_lpc845.o -I.\RTE\_
nxp_lpc845_bootloader -IC:\Users\Danny\AppData\Local\Arm\Packs\NXP\LPC845_DFP\1
2.2.0 -IC:\Keil_v5\ARM\CMSIS\Include --predefine="__UVISION_VERSION SETA 528" -
-predefine="CPU_LPC845M301JBD64 SETA 1" --predefine="NO_CRP SETA 1" --list=.\li
stings\startup_lpc845.lst ..\source\chip\startup_LPC845.s



ARM Macro Assembler    Page 1 Alphabetic symbol ordering
Relocatable symbols

RESET 00000000

Symbol: RESET
   Definitions
      At line 22 in file ..\source\chip\startup_LPC845.s
   Uses
      None
Comment: RESET unused
__Vectors 00000000

Symbol: __Vectors
   Definitions
      At line 26 in file ..\source\chip\startup_LPC845.s
   Uses
      At line 23 in file ..\source\chip\startup_LPC845.s
Comment: __Vectors used once
__vector_table_0x1c 0000001C

Symbol: __vector_table_0x1c
   Definitions
      At line 34 in file ..\source\chip\startup_LPC845.s
   Uses
      None
Comment: __vector_table_0x1c unused
3 symbols



ARM Macro Assembler    Page 1 Alphabetic symbol ordering
Relocatable symbols

.text 00000000

Symbol: .text
   Definitions
      At line 79 in file ..\source\chip\startup_LPC845.s
   Uses
      None
Comment: .text unused
ADC0_OVR_DriverIRQHandler 00000092

Symbol: ADC0_OVR_DriverIRQHandler
   Definitions
      At line 397 in file ..\source\chip\startup_LPC845.s
   Uses
      At line 256 in file ..\source\chip\startup_LPC845.s
      At line 364 in file ..\source\chip\startup_LPC845.s

ADC0_OVR_IRQHandler 0000005E

Symbol: ADC0_OVR_IRQHandler
   Definitions
      At line 254 in file ..\source\chip\startup_LPC845.s
   Uses
      At line 65 in file ..\source\chip\startup_LPC845.s
      At line 255 in file ..\source\chip\startup_LPC845.s

ADC0_SEQA_DriverIRQHandler 00000092

Symbol: ADC0_SEQA_DriverIRQHandler
   Definitions
      At line 394 in file ..\source\chip\startup_LPC845.s
   Uses
      At line 235 in file ..\source\chip\startup_LPC845.s
      At line 361 in file ..\source\chip\startup_LPC845.s

ADC0_SEQA_IRQHandler 00000052

Symbol: ADC0_SEQA_IRQHandler
   Definitions
      At line 233 in file ..\source\chip\startup_LPC845.s
   Uses
      At line 62 in file ..\source\chip\startup_LPC845.s
      At line 234 in file ..\source\chip\startup_LPC845.s

ADC0_SEQB_DriverIRQHandler 00000092

Symbol: ADC0_SEQB_DriverIRQHandler
   Definitions
      At line 395 in file ..\source\chip\startup_LPC845.s
   Uses
      At line 242 in file ..\source\chip\startup_LPC845.s
      At line 362 in file ..\source\chip\startup_LPC845.s

ADC0_SEQB_IRQHandler 00000056

Symbol: ADC0_SEQB_IRQHandler
   Definitions
      At line 240 in file ..\source\chip\startup_LPC845.s
   Uses



ARM Macro Assembler    Page 2 Alphabetic symbol ordering
Relocatable symbols

      At line 63 in file ..\source\chip\startup_LPC845.s
      At line 241 in file ..\source\chip\startup_LPC845.s

ADC0_THCMP_DriverIRQHandler 00000092

Symbol: ADC0_THCMP_DriverIRQHandler
   Definitions
      At line 396 in file ..\source\chip\startup_LPC845.s
   Uses
      At line 249 in file ..\source\chip\startup_LPC845.s
      At line 363 in file ..\source\chip\startup_LPC845.s

ADC0_THCMP_IRQHandler 0000005A

Symbol: ADC0_THCMP_IRQHandler
   Definitions
      At line 247 in file ..\source\chip\startup_LPC845.s
   Uses
      At line 64 in file ..\source\chip\startup_LPC845.s
      At line 248 in file ..\source\chip\startup_LPC845.s

BOD_DriverIRQHandler 00000092

Symbol: BOD_DriverIRQHandler
   Definitions
      At line 391 in file ..\source\chip\startup_LPC845.s
   Uses
      At line 214 in file ..\source\chip\startup_LPC845.s
      At line 358 in file ..\source\chip\startup_LPC845.s

BOD_IRQHandler 00000046

Symbol: BOD_IRQHandler
   Definitions
      At line 212 in file ..\source\chip\startup_LPC845.s
   Uses
      At line 59 in file ..\source\chip\startup_LPC845.s
      At line 213 in file ..\source\chip\startup_LPC845.s

CMP_CAPT_DriverIRQHandler 00000092

Symbol: CMP_CAPT_DriverIRQHandler
   Definitions
      At line 389 in file ..\source\chip\startup_LPC845.s
   Uses
      At line 200 in file ..\source\chip\startup_LPC845.s
      At line 356 in file ..\source\chip\startup_LPC845.s

CMP_CAPT_IRQHandler 0000003E

Symbol: CMP_CAPT_IRQHandler
   Definitions
      At line 198 in file ..\source\chip\startup_LPC845.s
   Uses
      At line 57 in file ..\source\chip\startup_LPC845.s
      At line 199 in file ..\source\chip\startup_LPC845.s

CTIMER0_DriverIRQHandler 00000092




ARM Macro Assembler    Page 3 Alphabetic symbol ordering
Relocatable symbols

Symbol: CTIMER0_DriverIRQHandler
   Definitions
      At line 401 in file ..\source\chip\startup_LPC845.s
   Uses
      At line 284 in file ..\source\chip\startup_LPC845.s
      At line 368 in file ..\source\chip\startup_LPC845.s

CTIMER0_IRQHandler 0000006E

Symbol: CTIMER0_IRQHandler
   Definitions
      At line 282 in file ..\source\chip\startup_LPC845.s
   Uses
      At line 69 in file ..\source\chip\startup_LPC845.s
      At line 283 in file ..\source\chip\startup_LPC845.s

DAC0_DriverIRQHandler 00000092

Symbol: DAC0_DriverIRQHandler
   Definitions
      At line 380 in file ..\source\chip\startup_LPC845.s
   Uses
      At line 137 in file ..\source\chip\startup_LPC845.s
      At line 347 in file ..\source\chip\startup_LPC845.s

DAC0_IRQHandler 0000001A

Symbol: DAC0_IRQHandler
   Definitions
      At line 135 in file ..\source\chip\startup_LPC845.s
   Uses
      At line 48 in file ..\source\chip\startup_LPC845.s
      At line 136 in file ..\source\chip\startup_LPC845.s

DMA0_DriverIRQHandler 00000092

Symbol: DMA0_DriverIRQHandler
   Definitions
      At line 398 in file ..\source\chip\startup_LPC845.s
   Uses
      At line 263 in file ..\source\chip\startup_LPC845.s
      At line 365 in file ..\source\chip\startup_LPC845.s

DMA0_IRQHandler 00000062

Symbol: DMA0_IRQHandler
   Definitions
      At line 261 in file ..\source\chip\startup_LPC845.s
   Uses
      At line 66 in file ..\source\chip\startup_LPC845.s
      At line 262 in file ..\source\chip\startup_LPC845.s

Default_Handler 00000092

Symbol: Default_Handler
   Definitions
      At line 344 in file ..\source\chip\startup_LPC845.s
   Uses
      None



ARM Macro Assembler    Page 4 Alphabetic symbol ordering
Relocatable symbols

Comment: Default_Handler unused
FLASH_DriverIRQHandler 00000092

Symbol: FLASH_DriverIRQHandler
   Definitions
      At line 392 in file ..\source\chip\startup_LPC845.s
   Uses
      At line 221 in file ..\source\chip\startup_LPC845.s
      At line 359 in file ..\source\chip\startup_LPC845.s

FLASH_IRQHandler 0000004A

Symbol: FLASH_IRQHandler
   Definitions
      At line 219 in file ..\source\chip\startup_LPC845.s
   Uses
      At line 60 in file ..\source\chip\startup_LPC845.s
      At line 220 in file ..\source\chip\startup_LPC845.s

HardFault_Handler 0000000A

Symbol: HardFault_Handler
   Definitions
      At line 100 in file ..\source\chip\startup_LPC845.s
   Uses
      At line 30 in file ..\source\chip\startup_LPC845.s
      At line 101 in file ..\source\chip\startup_LPC845.s

I2C0_DriverIRQHandler 00000092

Symbol: I2C0_DriverIRQHandler
   Definitions
      At line 386 in file ..\source\chip\startup_LPC845.s
   Uses
      At line 179 in file ..\source\chip\startup_LPC845.s
      At line 353 in file ..\source\chip\startup_LPC845.s

I2C0_IRQHandler 00000032

Symbol: I2C0_IRQHandler
   Definitions
      At line 177 in file ..\source\chip\startup_LPC845.s
   Uses
      At line 54 in file ..\source\chip\startup_LPC845.s
      At line 178 in file ..\source\chip\startup_LPC845.s

I2C1_DriverIRQHandler 00000092

Symbol: I2C1_DriverIRQHandler
   Definitions
      At line 385 in file ..\source\chip\startup_LPC845.s
   Uses
      At line 172 in file ..\source\chip\startup_LPC845.s
      At line 352 in file ..\source\chip\startup_LPC845.s

I2C1_IRQHandler 0000002E

Symbol: I2C1_IRQHandler
   Definitions



ARM Macro Assembler    Page 5 Alphabetic symbol ordering
Relocatable symbols

      At line 170 in file ..\source\chip\startup_LPC845.s
   Uses
      At line 53 in file ..\source\chip\startup_LPC845.s
      At line 171 in file ..\source\chip\startup_LPC845.s

I2C2_DriverIRQHandler 00000092

Symbol: I2C2_DriverIRQHandler
   Definitions
      At line 399 in file ..\source\chip\startup_LPC845.s
   Uses
      At line 270 in file ..\source\chip\startup_LPC845.s
      At line 366 in file ..\source\chip\startup_LPC845.s

I2C2_IRQHandler 00000066

Symbol: I2C2_IRQHandler
   Definitions
      At line 268 in file ..\source\chip\startup_LPC845.s
   Uses
      At line 67 in file ..\source\chip\startup_LPC845.s
      At line 269 in file ..\source\chip\startup_LPC845.s

I2C3_DriverIRQHandler 00000092

Symbol: I2C3_DriverIRQHandler
   Definitions
      At line 400 in file ..\source\chip\startup_LPC845.s
   Uses
      At line 277 in file ..\source\chip\startup_LPC845.s
      At line 367 in file ..\source\chip\startup_LPC845.s

I2C3_IRQHandler 0000006A

Symbol: I2C3_IRQHandler
   Definitions
      At line 275 in file ..\source\chip\startup_LPC845.s
   Uses
      At line 68 in file ..\source\chip\startup_LPC845.s
      At line 276 in file ..\source\chip\startup_LPC845.s

MRT0_DriverIRQHandler 00000092

Symbol: MRT0_DriverIRQHandler
   Definitions
      At line 388 in file ..\source\chip\startup_LPC845.s
   Uses
      At line 193 in file ..\source\chip\startup_LPC845.s
      At line 355 in file ..\source\chip\startup_LPC845.s

MRT0_IRQHandler 0000003A

Symbol: MRT0_IRQHandler
   Definitions
      At line 191 in file ..\source\chip\startup_LPC845.s
   Uses
      At line 56 in file ..\source\chip\startup_LPC845.s
      At line 192 in file ..\source\chip\startup_LPC845.s




ARM Macro Assembler    Page 6 Alphabetic symbol ordering
Relocatable symbols

NMI_Handler 00000008

Symbol: NMI_Handler
   Definitions
      At line 94 in file ..\source\chip\startup_LPC845.s
   Uses
      At line 29 in file ..\source\chip\startup_LPC845.s
      At line 95 in file ..\source\chip\startup_LPC845.s

PIN_INT0_DriverIRQHandler 00000092

Symbol: PIN_INT0_DriverIRQHandler
   Definitions
      At line 402 in file ..\source\chip\startup_LPC845.s
   Uses
      At line 291 in file ..\source\chip\startup_LPC845.s
      At line 369 in file ..\source\chip\startup_LPC845.s

PIN_INT0_IRQHandler 00000072

Symbol: PIN_INT0_IRQHandler
   Definitions
      At line 289 in file ..\source\chip\startup_LPC845.s
   Uses
      At line 70 in file ..\source\chip\startup_LPC845.s
      At line 290 in file ..\source\chip\startup_LPC845.s

PIN_INT1_DriverIRQHandler 00000092

Symbol: PIN_INT1_DriverIRQHandler
   Definitions
      At line 403 in file ..\source\chip\startup_LPC845.s
   Uses
      At line 298 in file ..\source\chip\startup_LPC845.s
      At line 370 in file ..\source\chip\startup_LPC845.s

PIN_INT1_IRQHandler 00000076

Symbol: PIN_INT1_IRQHandler
   Definitions
      At line 296 in file ..\source\chip\startup_LPC845.s
   Uses
      At line 71 in file ..\source\chip\startup_LPC845.s
      At line 297 in file ..\source\chip\startup_LPC845.s

PIN_INT2_DriverIRQHandler 00000092

Symbol: PIN_INT2_DriverIRQHandler
   Definitions
      At line 404 in file ..\source\chip\startup_LPC845.s
   Uses
      At line 305 in file ..\source\chip\startup_LPC845.s
      At line 371 in file ..\source\chip\startup_LPC845.s

PIN_INT2_IRQHandler 0000007A

Symbol: PIN_INT2_IRQHandler
   Definitions
      At line 303 in file ..\source\chip\startup_LPC845.s



ARM Macro Assembler    Page 7 Alphabetic symbol ordering
Relocatable symbols

   Uses
      At line 72 in file ..\source\chip\startup_LPC845.s
      At line 304 in file ..\source\chip\startup_LPC845.s

PIN_INT3_DriverIRQHandler 00000092

Symbol: PIN_INT3_DriverIRQHandler
   Definitions
      At line 405 in file ..\source\chip\startup_LPC845.s
   Uses
      At line 312 in file ..\source\chip\startup_LPC845.s
      At line 372 in file ..\source\chip\startup_LPC845.s

PIN_INT3_IRQHandler 0000007E

Symbol: PIN_INT3_IRQHandler
   Definitions
      At line 310 in file ..\source\chip\startup_LPC845.s
   Uses
      At line 73 in file ..\source\chip\startup_LPC845.s
      At line 311 in file ..\source\chip\startup_LPC845.s

PIN_INT4_DriverIRQHandler 00000092

Symbol: PIN_INT4_DriverIRQHandler
   Definitions
      At line 406 in file ..\source\chip\startup_LPC845.s
   Uses
      At line 319 in file ..\source\chip\startup_LPC845.s
      At line 373 in file ..\source\chip\startup_LPC845.s

PIN_INT4_IRQHandler 00000082

Symbol: PIN_INT4_IRQHandler
   Definitions
      At line 317 in file ..\source\chip\startup_LPC845.s
   Uses
      At line 74 in file ..\source\chip\startup_LPC845.s
      At line 318 in file ..\source\chip\startup_LPC845.s

PIN_INT5_DAC1_DriverIRQHandler 00000092

Symbol: PIN_INT5_DAC1_DriverIRQHandler
   Definitions
      At line 407 in file ..\source\chip\startup_LPC845.s
   Uses
      At line 326 in file ..\source\chip\startup_LPC845.s
      At line 374 in file ..\source\chip\startup_LPC845.s

PIN_INT5_DAC1_IRQHandler 00000086

Symbol: PIN_INT5_DAC1_IRQHandler
   Definitions
      At line 324 in file ..\source\chip\startup_LPC845.s
   Uses
      At line 75 in file ..\source\chip\startup_LPC845.s
      At line 325 in file ..\source\chip\startup_LPC845.s

PIN_INT6_USART3_DriverIRQHandler 00000092



ARM Macro Assembler    Page 8 Alphabetic symbol ordering
Relocatable symbols


Symbol: PIN_INT6_USART3_DriverIRQHandler
   Definitions
      At line 408 in file ..\source\chip\startup_LPC845.s
   Uses
      At line 333 in file ..\source\chip\startup_LPC845.s
      At line 375 in file ..\source\chip\startup_LPC845.s

PIN_INT6_USART3_IRQHandler 0000008A

Symbol: PIN_INT6_USART3_IRQHandler
   Definitions
      At line 331 in file ..\source\chip\startup_LPC845.s
   Uses
      At line 76 in file ..\source\chip\startup_LPC845.s
      At line 332 in file ..\source\chip\startup_LPC845.s

PIN_INT7_USART4_DriverIRQHandler 00000092

Symbol: PIN_INT7_USART4_DriverIRQHandler
   Definitions
      At line 409 in file ..\source\chip\startup_LPC845.s
   Uses
      At line 340 in file ..\source\chip\startup_LPC845.s
      At line 376 in file ..\source\chip\startup_LPC845.s

PIN_INT7_USART4_IRQHandler 0000008E

Symbol: PIN_INT7_USART4_IRQHandler
   Definitions
      At line 338 in file ..\source\chip\startup_LPC845.s
   Uses
      At line 77 in file ..\source\chip\startup_LPC845.s
      At line 339 in file ..\source\chip\startup_LPC845.s

PendSV_Handler 0000000E

Symbol: PendSV_Handler
   Definitions
      At line 110 in file ..\source\chip\startup_LPC845.s
   Uses
      At line 42 in file ..\source\chip\startup_LPC845.s
      At line 111 in file ..\source\chip\startup_LPC845.s

Reserved22_DriverIRQHandler 00000092

Symbol: Reserved22_DriverIRQHandler
   Definitions
      At line 384 in file ..\source\chip\startup_LPC845.s
   Uses
      At line 165 in file ..\source\chip\startup_LPC845.s
      At line 351 in file ..\source\chip\startup_LPC845.s

Reserved22_IRQHandler 0000002A

Symbol: Reserved22_IRQHandler
   Definitions
      At line 163 in file ..\source\chip\startup_LPC845.s
   Uses



ARM Macro Assembler    Page 9 Alphabetic symbol ordering
Relocatable symbols

      At line 52 in file ..\source\chip\startup_LPC845.s
      At line 164 in file ..\source\chip\startup_LPC845.s

Reset_Handler 00000000

Symbol: Reset_Handler
   Definitions
      At line 82 in file ..\source\chip\startup_LPC845.s
   Uses
      At line 27 in file ..\source\chip\startup_LPC845.s
      At line 83 in file ..\source\chip\startup_LPC845.s

SCT0_DriverIRQHandler 00000092

Symbol: SCT0_DriverIRQHandler
   Definitions
      At line 387 in file ..\source\chip\startup_LPC845.s
   Uses
      At line 186 in file ..\source\chip\startup_LPC845.s
      At line 354 in file ..\source\chip\startup_LPC845.s

SCT0_IRQHandler 00000036

Symbol: SCT0_IRQHandler
   Definitions
      At line 184 in file ..\source\chip\startup_LPC845.s
   Uses
      At line 55 in file ..\source\chip\startup_LPC845.s
      At line 185 in file ..\source\chip\startup_LPC845.s

SPI0_DriverIRQHandler 00000092

Symbol: SPI0_DriverIRQHandler
   Definitions
      At line 378 in file ..\source\chip\startup_LPC845.s
   Uses
      At line 123 in file ..\source\chip\startup_LPC845.s
      At line 345 in file ..\source\chip\startup_LPC845.s

SPI0_IRQHandler 00000012

Symbol: SPI0_IRQHandler
   Definitions
      At line 121 in file ..\source\chip\startup_LPC845.s
   Uses
      At line 46 in file ..\source\chip\startup_LPC845.s
      At line 122 in file ..\source\chip\startup_LPC845.s

SPI1_DriverIRQHandler 00000092

Symbol: SPI1_DriverIRQHandler
   Definitions
      At line 379 in file ..\source\chip\startup_LPC845.s
   Uses
      At line 130 in file ..\source\chip\startup_LPC845.s
      At line 346 in file ..\source\chip\startup_LPC845.s

SPI1_IRQHandler 00000016




ARM Macro Assembler    Page 10 Alphabetic symbol ordering
Relocatable symbols

Symbol: SPI1_IRQHandler
   Definitions
      At line 128 in file ..\source\chip\startup_LPC845.s
   Uses
      At line 47 in file ..\source\chip\startup_LPC845.s
      At line 129 in file ..\source\chip\startup_LPC845.s

SVC_Handler 0000000C

Symbol: SVC_Handler
   Definitions
      At line 105 in file ..\source\chip\startup_LPC845.s
   Uses
      At line 39 in file ..\source\chip\startup_LPC845.s
      At line 106 in file ..\source\chip\startup_LPC845.s

SysTick_Handler 00000010

Symbol: SysTick_Handler
   Definitions
      At line 115 in file ..\source\chip\startup_LPC845.s
   Uses
      At line 43 in file ..\source\chip\startup_LPC845.s
      At line 116 in file ..\source\chip\startup_LPC845.s

USART0_DriverIRQHandler 00000092

Symbol: USART0_DriverIRQHandler
   Definitions
      At line 381 in file ..\source\chip\startup_LPC845.s
   Uses
      At line 144 in file ..\source\chip\startup_LPC845.s
      At line 348 in file ..\source\chip\startup_LPC845.s

USART0_IRQHandler 0000001E

Symbol: USART0_IRQHandler
   Definitions
      At line 142 in file ..\source\chip\startup_LPC845.s
   Uses
      At line 49 in file ..\source\chip\startup_LPC845.s
      At line 143 in file ..\source\chip\startup_LPC845.s

USART1_DriverIRQHandler 00000092

Symbol: USART1_DriverIRQHandler
   Definitions
      At line 382 in file ..\source\chip\startup_LPC845.s
   Uses
      At line 151 in file ..\source\chip\startup_LPC845.s
      At line 349 in file ..\source\chip\startup_LPC845.s

USART1_IRQHandler 00000022

Symbol: USART1_IRQHandler
   Definitions
      At line 149 in file ..\source\chip\startup_LPC845.s
   Uses
      At line 50 in file ..\source\chip\startup_LPC845.s



ARM Macro Assembler    Page 11 Alphabetic symbol ordering
Relocatable symbols

      At line 150 in file ..\source\chip\startup_LPC845.s

USART2_DriverIRQHandler 00000092

Symbol: USART2_DriverIRQHandler
   Definitions
      At line 383 in file ..\source\chip\startup_LPC845.s
   Uses
      At line 158 in file ..\source\chip\startup_LPC845.s
      At line 350 in file ..\source\chip\startup_LPC845.s

USART2_IRQHandler 00000026

Symbol: USART2_IRQHandler
   Definitions
      At line 156 in file ..\source\chip\startup_LPC845.s
   Uses
      At line 51 in file ..\source\chip\startup_LPC845.s
      At line 157 in file ..\source\chip\startup_LPC845.s

WDT_DriverIRQHandler 00000092

Symbol: WDT_DriverIRQHandler
   Definitions
      At line 390 in file ..\source\chip\startup_LPC845.s
   Uses
      At line 207 in file ..\source\chip\startup_LPC845.s
      At line 357 in file ..\source\chip\startup_LPC845.s

WDT_IRQHandler 00000042

Symbol: WDT_IRQHandler
   Definitions
      At line 205 in file ..\source\chip\startup_LPC845.s
   Uses
      At line 58 in file ..\source\chip\startup_LPC845.s
      At line 206 in file ..\source\chip\startup_LPC845.s

WKT_DriverIRQHandler 00000092

Symbol: WKT_DriverIRQHandler
   Definitions
      At line 393 in file ..\source\chip\startup_LPC845.s
   Uses
      At line 228 in file ..\source\chip\startup_LPC845.s
      At line 360 in file ..\source\chip\startup_LPC845.s

WKT_IRQHandler 0000004E

Symbol: WKT_IRQHandler
   Definitions
      At line 226 in file ..\source\chip\startup_LPC845.s
   Uses
      At line 61 in file ..\source\chip\startup_LPC845.s
      At line 227 in file ..\source\chip\startup_LPC845.s

72 symbols



ARM Macro Assembler    Page 1 Alphabetic symbol ordering
External symbols

Image$$ARM_LIB_STACK$$ZI$$Limit 00000000

Symbol: Image$$ARM_LIB_STACK$$ZI$$Limit
   Definitions
      At line 24 in file ..\source\chip\startup_LPC845.s
   Uses
      At line 26 in file ..\source\chip\startup_LPC845.s
Comment: Image$$ARM_LIB_STACK$$ZI$$Limit used once
SystemInit 00000000

Symbol: SystemInit
   Definitions
      At line 84 in file ..\source\chip\startup_LPC845.s
   Uses
      At line 87 in file ..\source\chip\startup_LPC845.s
Comment: SystemInit used once
__main 00000000

Symbol: __main
   Definitions
      At line 85 in file ..\source\chip\startup_LPC845.s
   Uses
      At line 89 in file ..\source\chip\startup_LPC845.s
Comment: __main used once
3 symbols
413 symbols in table
